<html>
<head>
<title>TestNG:  Default test</title>
<link href="../testng.css" rel="stylesheet" type="text/css" />
<link href="../my-testng.css" rel="stylesheet" type="text/css" />

<style type="text/css">
.log { display: none;} 
.stack-trace { display: none;} 
</style>
<script type="text/javascript">
<!--
function flip(e) {
  current = e.style.display;
  if (current == 'block') {
    e.style.display = 'none';
    return 0;
  }
  else {
    e.style.display = 'block';
    return 1;
  }
}

function toggleBox(szDivId, elem, msg1, msg2)
{
  var res = -1;  if (document.getElementById) {
    res = flip(document.getElementById(szDivId));
  }
  else if (document.all) {
    // this is the way old msie versions work
    res = flip(document.all[szDivId]);
  }
  if(elem) {
    if(res == 0) elem.innerHTML = msg1; else elem.innerHTML = msg2;
  }

}

function toggleAllBoxes() {
  if (document.getElementsByTagName) {
    d = document.getElementsByTagName('div');
    for (i = 0; i < d.length; i++) {
      if (d[i].className == 'log') {
        flip(d[i]);
      }
    }
  }
}

// -->
</script>

</head>
<body>
<h2 align='center'>Default test</h2><table border='1' align="center">
<tr>
<td>Tests passed/Failed/Skipped:</td><td>49/8/0</td>
</tr><tr>
<td>Started on:</td><td>Wed Apr 08 10:00:36 ICT 2020</td>
</tr>
<tr><td>Total time:</td><td>125 seconds (125030 ms)</td>
</tr><tr>
<td>Included groups:</td><td></td>
</tr><tr>
<td>Excluded groups:</td><td></td>
</tr>
</table><p/>
<small><i>(Hover the method name to see the test class name)</i></small><p/>
<table width='100%' border='1' class='invocation-failed'>
<tr><td colspan='4' align='center'><b>FAILED TESTS</b></td></tr>
<tr><td><b>Test method</b></td>
<td width="30%"><b>Exception</b></td>
<td width="10%"><b>Time (seconds)</b></td>
<td><b>Instance</b></td>
</tr>
<tr>
<td title='Selenium.themthanhvien.Add_Staff_06()'><b>Add_Staff_06</b><br>Test class: Selenium.themthanhvien<br>Test method: Nh?p ch? và d?u ch?m  tr??ng email</td>
<td><div><pre>java.lang.AssertionError: expected [B?n sai ??nh d?ng Email] but found []
	at org.testng.Assert.fail(Assert.java:94)
	at org.testng.Assert.failNotEquals(Assert.java:513)
	at org.testng.Assert.assertEqualsImpl(Assert.java:135)
	at org.testng.Assert.assertEquals(Assert.java:116)
	at org.testng.Assert.assertEquals(Assert.java:190)
	at org.testng.Assert.assertEquals(Assert.java:200)
	at Selenium.themthanhvien.Add_Staff_06(themthanhvien.java:107)
	at sun.reflect.NativeMethodAccessorImpl.invoke0(Native Method)
	at sun.reflect.NativeMethodAccessorImpl.invoke(Unknown Source)
	at sun.reflect.DelegatingMethodAccessorImpl.invoke(Unknown Source)
	at java.lang.reflect.Method.invoke(Unknown Source)
	at org.testng.internal.MethodInvocationHelper.invokeMethod(MethodInvocationHelper.java:104)
	at org.testng.internal.Invoker.invokeMethod(Invoker.java:645)
	at org.testng.internal.Invoker.invokeTestMethod(Invoker.java:851)
	at org.testng.internal.Invoker.invokeTestMethods(Invoker.java:1177)
	at org.testng.internal.TestMethodWorker.invokeTestMethods(TestMethodWorker.java:129)
	at org.testng.internal.TestMethodWorker.run(TestMethodWorker.java:112)
	at org.testng.TestRunner.privateRun(TestRunner.java:756)
	at org.testng.TestRunner.run(TestRunner.java:610)
	at org.testng.SuiteRunner.runTest(SuiteRunner.java:387)
	at org.testng.SuiteRunner.runSequentially(SuiteRunner.java:382)
	at org.testng.SuiteRunner.privateRun(SuiteRunner.java:340)
	at org.testng.SuiteRunner.run(SuiteRunner.java:289)
	at org.testng.SuiteRunnerWorker.runSuite(SuiteRunnerWorker.java:52)
	at org.testng.SuiteRunnerWorker.run(SuiteRunnerWorker.java:86)
	at org.testng.TestNG.runSuitesSequentially(TestNG.java:1293)
	at org.testng.TestNG.runSuitesLocally(TestNG.java:1218)
	at org.testng.TestNG.runSuites(TestNG.java:1133)
	at org.testng.TestNG.run(TestNG.java:1104)
	at org.testng.remote.AbstractRemoteTestNG.run(AbstractRemoteTestNG.java:132)
	at org.testng.remote.RemoteTestNG.initAndRun(RemoteTestNG.java:236)
	at org.testng.remote.RemoteTestNG.main(RemoteTestNG.java:81)
</pre></div><a href='#' onClick='toggleBox("stack-trace1932597611", this, "Click to show all stack frames", "Click to hide stack frames")'>Click to show all stack frames</a>
<div class='stack-trace' id='stack-trace1932597611'><pre>java.lang.AssertionError: expected [B?n sai ??nh d?ng Email] but found []
	at org.testng.Assert.fail(Assert.java:94)
	at org.testng.Assert.failNotEquals(Assert.java:513)
	at org.testng.Assert.assertEqualsImpl(Assert.java:135)
	at org.testng.Assert.assertEquals(Assert.java:116)
	at org.testng.Assert.assertEquals(Assert.java:190)
	at org.testng.Assert.assertEquals(Assert.java:200)
	at Selenium.themthanhvien.Add_Staff_06(themthanhvien.java:107)
	at sun.reflect.NativeMethodAccessorImpl.invoke0(Native Method)
	at sun.reflect.NativeMethodAccessorImpl.invoke(Unknown Source)
	at sun.reflect.DelegatingMethodAccessorImpl.invoke(Unknown Source)
	at java.lang.reflect.Method.invoke(Unknown Source)
	at org.testng.internal.MethodInvocationHelper.invokeMethod(MethodInvocationHelper.java:104)
	at org.testng.internal.Invoker.invokeMethod(Invoker.java:645)
	at org.testng.internal.Invoker.invokeTestMethod(Invoker.java:851)
	at org.testng.internal.Invoker.invokeTestMethods(Invoker.java:1177)
	at org.testng.internal.TestMethodWorker.invokeTestMethods(TestMethodWorker.java:129)
	at org.testng.internal.TestMethodWorker.run(TestMethodWorker.java:112)
	at org.testng.TestRunner.privateRun(TestRunner.java:756)
	at org.testng.TestRunner.run(TestRunner.java:610)
	at org.testng.SuiteRunner.runTest(SuiteRunner.java:387)
	at org.testng.SuiteRunner.runSequentially(SuiteRunner.java:382)
	at org.testng.SuiteRunner.privateRun(SuiteRunner.java:340)
	at org.testng.SuiteRunner.run(SuiteRunner.java:289)
	at org.testng.SuiteRunnerWorker.runSuite(SuiteRunnerWorker.java:52)
	at org.testng.SuiteRunnerWorker.run(SuiteRunnerWorker.java:86)
	at org.testng.TestNG.runSuitesSequentially(TestNG.java:1293)
	at org.testng.TestNG.runSuitesLocally(TestNG.java:1218)
	at org.testng.TestNG.runSuites(TestNG.java:1133)
	at org.testng.TestNG.run(TestNG.java:1104)
	at org.testng.remote.AbstractRemoteTestNG.run(AbstractRemoteTestNG.java:132)
	at org.testng.remote.RemoteTestNG.initAndRun(RemoteTestNG.java:236)
	at org.testng.remote.RemoteTestNG.main(RemoteTestNG.java:81)
</pre></div></td>
<td>2</td>
<td>Selenium.themthanhvien@5677323c</td></tr>
<tr>
<td title='Selenium.themthanhvien.Add_Staff_08()'><b>Add_Staff_08</b><br>Test class: Selenium.themthanhvien<br>Test method: Nh?p ch? và ký t? ??c bi?t tr??ng email</td>
<td><div><pre>java.lang.AssertionError: expected [B?n nh?p sai ??nh d?ng Email] but found []
	at org.testng.Assert.fail(Assert.java:94)
	at org.testng.Assert.failNotEquals(Assert.java:513)
	at org.testng.Assert.assertEqualsImpl(Assert.java:135)
	at org.testng.Assert.assertEquals(Assert.java:116)
	at org.testng.Assert.assertEquals(Assert.java:190)
	at org.testng.Assert.assertEquals(Assert.java:200)
	at Selenium.themthanhvien.Add_Staff_08(themthanhvien.java:135)
	at sun.reflect.NativeMethodAccessorImpl.invoke0(Native Method)
	at sun.reflect.NativeMethodAccessorImpl.invoke(Unknown Source)
	at sun.reflect.DelegatingMethodAccessorImpl.invoke(Unknown Source)
	at java.lang.reflect.Method.invoke(Unknown Source)
	at org.testng.internal.MethodInvocationHelper.invokeMethod(MethodInvocationHelper.java:104)
	at org.testng.internal.Invoker.invokeMethod(Invoker.java:645)
	at org.testng.internal.Invoker.invokeTestMethod(Invoker.java:851)
	at org.testng.internal.Invoker.invokeTestMethods(Invoker.java:1177)
	at org.testng.internal.TestMethodWorker.invokeTestMethods(TestMethodWorker.java:129)
	at org.testng.internal.TestMethodWorker.run(TestMethodWorker.java:112)
	at org.testng.TestRunner.privateRun(TestRunner.java:756)
	at org.testng.TestRunner.run(TestRunner.java:610)
	at org.testng.SuiteRunner.runTest(SuiteRunner.java:387)
	at org.testng.SuiteRunner.runSequentially(SuiteRunner.java:382)
	at org.testng.SuiteRunner.privateRun(SuiteRunner.java:340)
	at org.testng.SuiteRunner.run(SuiteRunner.java:289)
	at org.testng.SuiteRunnerWorker.runSuite(SuiteRunnerWorker.java:52)
	at org.testng.SuiteRunnerWorker.run(SuiteRunnerWorker.java:86)
	at org.testng.TestNG.runSuitesSequentially(TestNG.java:1293)
	at org.testng.TestNG.runSuitesLocally(TestNG.java:1218)
	at org.testng.TestNG.runSuites(TestNG.java:1133)
	at org.testng.TestNG.run(TestNG.java:1104)
	at org.testng.remote.AbstractRemoteTestNG.run(AbstractRemoteTestNG.java:132)
	at org.testng.remote.RemoteTestNG.initAndRun(RemoteTestNG.java:236)
	at org.testng.remote.RemoteTestNG.main(RemoteTestNG.java:81)
</pre></div><a href='#' onClick='toggleBox("stack-trace1404932042", this, "Click to show all stack frames", "Click to hide stack frames")'>Click to show all stack frames</a>
<div class='stack-trace' id='stack-trace1404932042'><pre>java.lang.AssertionError: expected [B?n nh?p sai ??nh d?ng Email] but found []
	at org.testng.Assert.fail(Assert.java:94)
	at org.testng.Assert.failNotEquals(Assert.java:513)
	at org.testng.Assert.assertEqualsImpl(Assert.java:135)
	at org.testng.Assert.assertEquals(Assert.java:116)
	at org.testng.Assert.assertEquals(Assert.java:190)
	at org.testng.Assert.assertEquals(Assert.java:200)
	at Selenium.themthanhvien.Add_Staff_08(themthanhvien.java:135)
	at sun.reflect.NativeMethodAccessorImpl.invoke0(Native Method)
	at sun.reflect.NativeMethodAccessorImpl.invoke(Unknown Source)
	at sun.reflect.DelegatingMethodAccessorImpl.invoke(Unknown Source)
	at java.lang.reflect.Method.invoke(Unknown Source)
	at org.testng.internal.MethodInvocationHelper.invokeMethod(MethodInvocationHelper.java:104)
	at org.testng.internal.Invoker.invokeMethod(Invoker.java:645)
	at org.testng.internal.Invoker.invokeTestMethod(Invoker.java:851)
	at org.testng.internal.Invoker.invokeTestMethods(Invoker.java:1177)
	at org.testng.internal.TestMethodWorker.invokeTestMethods(TestMethodWorker.java:129)
	at org.testng.internal.TestMethodWorker.run(TestMethodWorker.java:112)
	at org.testng.TestRunner.privateRun(TestRunner.java:756)
	at org.testng.TestRunner.run(TestRunner.java:610)
	at org.testng.SuiteRunner.runTest(SuiteRunner.java:387)
	at org.testng.SuiteRunner.runSequentially(SuiteRunner.java:382)
	at org.testng.SuiteRunner.privateRun(SuiteRunner.java:340)
	at org.testng.SuiteRunner.run(SuiteRunner.java:289)
	at org.testng.SuiteRunnerWorker.runSuite(SuiteRunnerWorker.java:52)
	at org.testng.SuiteRunnerWorker.run(SuiteRunnerWorker.java:86)
	at org.testng.TestNG.runSuitesSequentially(TestNG.java:1293)
	at org.testng.TestNG.runSuitesLocally(TestNG.java:1218)
	at org.testng.TestNG.runSuites(TestNG.java:1133)
	at org.testng.TestNG.run(TestNG.java:1104)
	at org.testng.remote.AbstractRemoteTestNG.run(AbstractRemoteTestNG.java:132)
	at org.testng.remote.RemoteTestNG.initAndRun(RemoteTestNG.java:236)
	at org.testng.remote.RemoteTestNG.main(RemoteTestNG.java:81)
</pre></div></td>
<td>2</td>
<td>Selenium.themthanhvien@5677323c</td></tr>
<tr>
<td title='Selenium.themthanhvien.Add_Staff_16()'><b>Add_Staff_16</b><br>Test class: Selenium.themthanhvien<br>Test method: Nh?p kho?ng tr?ng và kí t? ??c bi?t vào tr??ng email</td>
<td><div><pre>java.lang.AssertionError: expected [B?n nh?p sai ??nh d?ng Email] but found [Ph?n ??ng tr??c &apos;@&apos; không ???c ch?a &apos; &apos;]
	at org.testng.Assert.fail(Assert.java:94)
	at org.testng.Assert.failNotEquals(Assert.java:513)
	at org.testng.Assert.assertEqualsImpl(Assert.java:135)
	at org.testng.Assert.assertEquals(Assert.java:116)
	at org.testng.Assert.assertEquals(Assert.java:190)
	at org.testng.Assert.assertEquals(Assert.java:200)
	at Selenium.themthanhvien.Add_Staff_16(themthanhvien.java:248)
	at sun.reflect.NativeMethodAccessorImpl.invoke0(Native Method)
	at sun.reflect.NativeMethodAccessorImpl.invoke(Unknown Source)
	at sun.reflect.DelegatingMethodAccessorImpl.invoke(Unknown Source)
	at java.lang.reflect.Method.invoke(Unknown Source)
	at org.testng.internal.MethodInvocationHelper.invokeMethod(MethodInvocationHelper.java:104)
	at org.testng.internal.Invoker.invokeMethod(Invoker.java:645)
	at org.testng.internal.Invoker.invokeTestMethod(Invoker.java:851)
	at org.testng.internal.Invoker.invokeTestMethods(Invoker.java:1177)
	at org.testng.internal.TestMethodWorker.invokeTestMethods(TestMethodWorker.java:129)
	at org.testng.internal.TestMethodWorker.run(TestMethodWorker.java:112)
	at org.testng.TestRunner.privateRun(TestRunner.java:756)
	at org.testng.TestRunner.run(TestRunner.java:610)
	at org.testng.SuiteRunner.runTest(SuiteRunner.java:387)
	at org.testng.SuiteRunner.runSequentially(SuiteRunner.java:382)
	at org.testng.SuiteRunner.privateRun(SuiteRunner.java:340)
	at org.testng.SuiteRunner.run(SuiteRunner.java:289)
	at org.testng.SuiteRunnerWorker.runSuite(SuiteRunnerWorker.java:52)
	at org.testng.SuiteRunnerWorker.run(SuiteRunnerWorker.java:86)
	at org.testng.TestNG.runSuitesSequentially(TestNG.java:1293)
	at org.testng.TestNG.runSuitesLocally(TestNG.java:1218)
	at org.testng.TestNG.runSuites(TestNG.java:1133)
	at org.testng.TestNG.run(TestNG.java:1104)
	at org.testng.remote.AbstractRemoteTestNG.run(AbstractRemoteTestNG.java:132)
	at org.testng.remote.RemoteTestNG.initAndRun(RemoteTestNG.java:236)
	at org.testng.remote.RemoteTestNG.main(RemoteTestNG.java:81)
</pre></div><a href='#' onClick='toggleBox("stack-trace1457551880", this, "Click to show all stack frames", "Click to hide stack frames")'>Click to show all stack frames</a>
<div class='stack-trace' id='stack-trace1457551880'><pre>java.lang.AssertionError: expected [B?n nh?p sai ??nh d?ng Email] but found [Ph?n ??ng tr??c &apos;@&apos; không ???c ch?a &apos; &apos;]
	at org.testng.Assert.fail(Assert.java:94)
	at org.testng.Assert.failNotEquals(Assert.java:513)
	at org.testng.Assert.assertEqualsImpl(Assert.java:135)
	at org.testng.Assert.assertEquals(Assert.java:116)
	at org.testng.Assert.assertEquals(Assert.java:190)
	at org.testng.Assert.assertEquals(Assert.java:200)
	at Selenium.themthanhvien.Add_Staff_16(themthanhvien.java:248)
	at sun.reflect.NativeMethodAccessorImpl.invoke0(Native Method)
	at sun.reflect.NativeMethodAccessorImpl.invoke(Unknown Source)
	at sun.reflect.DelegatingMethodAccessorImpl.invoke(Unknown Source)
	at java.lang.reflect.Method.invoke(Unknown Source)
	at org.testng.internal.MethodInvocationHelper.invokeMethod(MethodInvocationHelper.java:104)
	at org.testng.internal.Invoker.invokeMethod(Invoker.java:645)
	at org.testng.internal.Invoker.invokeTestMethod(Invoker.java:851)
	at org.testng.internal.Invoker.invokeTestMethods(Invoker.java:1177)
	at org.testng.internal.TestMethodWorker.invokeTestMethods(TestMethodWorker.java:129)
	at org.testng.internal.TestMethodWorker.run(TestMethodWorker.java:112)
	at org.testng.TestRunner.privateRun(TestRunner.java:756)
	at org.testng.TestRunner.run(TestRunner.java:610)
	at org.testng.SuiteRunner.runTest(SuiteRunner.java:387)
	at org.testng.SuiteRunner.runSequentially(SuiteRunner.java:382)
	at org.testng.SuiteRunner.privateRun(SuiteRunner.java:340)
	at org.testng.SuiteRunner.run(SuiteRunner.java:289)
	at org.testng.SuiteRunnerWorker.runSuite(SuiteRunnerWorker.java:52)
	at org.testng.SuiteRunnerWorker.run(SuiteRunnerWorker.java:86)
	at org.testng.TestNG.runSuitesSequentially(TestNG.java:1293)
	at org.testng.TestNG.runSuitesLocally(TestNG.java:1218)
	at org.testng.TestNG.runSuites(TestNG.java:1133)
	at org.testng.TestNG.run(TestNG.java:1104)
	at org.testng.remote.AbstractRemoteTestNG.run(AbstractRemoteTestNG.java:132)
	at org.testng.remote.RemoteTestNG.initAndRun(RemoteTestNG.java:236)
	at org.testng.remote.RemoteTestNG.main(RemoteTestNG.java:81)
</pre></div></td>
<td>2</td>
<td>Selenium.themthanhvien@5677323c</td></tr>
<tr>
<td title='Selenium.themthanhvien.Add_Staff_17()'><b>Add_Staff_17</b><br>Test class: Selenium.themthanhvien<br>Test method: Nh?p 2 ký t? @@  vào tr??ng email</td>
<td><div><pre>java.lang.AssertionError: expected [B?n nh?p sai ??nh d?ng Email] but found [Ph?n ??ng tr??c &apos;@&apos; không ???c ch?a &apos;@&apos;]
	at org.testng.Assert.fail(Assert.java:94)
	at org.testng.Assert.failNotEquals(Assert.java:513)
	at org.testng.Assert.assertEqualsImpl(Assert.java:135)
	at org.testng.Assert.assertEquals(Assert.java:116)
	at org.testng.Assert.assertEquals(Assert.java:190)
	at org.testng.Assert.assertEquals(Assert.java:200)
	at Selenium.themthanhvien.Add_Staff_17(themthanhvien.java:262)
	at sun.reflect.NativeMethodAccessorImpl.invoke0(Native Method)
	at sun.reflect.NativeMethodAccessorImpl.invoke(Unknown Source)
	at sun.reflect.DelegatingMethodAccessorImpl.invoke(Unknown Source)
	at java.lang.reflect.Method.invoke(Unknown Source)
	at org.testng.internal.MethodInvocationHelper.invokeMethod(MethodInvocationHelper.java:104)
	at org.testng.internal.Invoker.invokeMethod(Invoker.java:645)
	at org.testng.internal.Invoker.invokeTestMethod(Invoker.java:851)
	at org.testng.internal.Invoker.invokeTestMethods(Invoker.java:1177)
	at org.testng.internal.TestMethodWorker.invokeTestMethods(TestMethodWorker.java:129)
	at org.testng.internal.TestMethodWorker.run(TestMethodWorker.java:112)
	at org.testng.TestRunner.privateRun(TestRunner.java:756)
	at org.testng.TestRunner.run(TestRunner.java:610)
	at org.testng.SuiteRunner.runTest(SuiteRunner.java:387)
	at org.testng.SuiteRunner.runSequentially(SuiteRunner.java:382)
	at org.testng.SuiteRunner.privateRun(SuiteRunner.java:340)
	at org.testng.SuiteRunner.run(SuiteRunner.java:289)
	at org.testng.SuiteRunnerWorker.runSuite(SuiteRunnerWorker.java:52)
	at org.testng.SuiteRunnerWorker.run(SuiteRunnerWorker.java:86)
	at org.testng.TestNG.runSuitesSequentially(TestNG.java:1293)
	at org.testng.TestNG.runSuitesLocally(TestNG.java:1218)
	at org.testng.TestNG.runSuites(TestNG.java:1133)
	at org.testng.TestNG.run(TestNG.java:1104)
	at org.testng.remote.AbstractRemoteTestNG.run(AbstractRemoteTestNG.java:132)
	at org.testng.remote.RemoteTestNG.initAndRun(RemoteTestNG.java:236)
	at org.testng.remote.RemoteTestNG.main(RemoteTestNG.java:81)
</pre></div><a href='#' onClick='toggleBox("stack-trace993420850", this, "Click to show all stack frames", "Click to hide stack frames")'>Click to show all stack frames</a>
<div class='stack-trace' id='stack-trace993420850'><pre>java.lang.AssertionError: expected [B?n nh?p sai ??nh d?ng Email] but found [Ph?n ??ng tr??c &apos;@&apos; không ???c ch?a &apos;@&apos;]
	at org.testng.Assert.fail(Assert.java:94)
	at org.testng.Assert.failNotEquals(Assert.java:513)
	at org.testng.Assert.assertEqualsImpl(Assert.java:135)
	at org.testng.Assert.assertEquals(Assert.java:116)
	at org.testng.Assert.assertEquals(Assert.java:190)
	at org.testng.Assert.assertEquals(Assert.java:200)
	at Selenium.themthanhvien.Add_Staff_17(themthanhvien.java:262)
	at sun.reflect.NativeMethodAccessorImpl.invoke0(Native Method)
	at sun.reflect.NativeMethodAccessorImpl.invoke(Unknown Source)
	at sun.reflect.DelegatingMethodAccessorImpl.invoke(Unknown Source)
	at java.lang.reflect.Method.invoke(Unknown Source)
	at org.testng.internal.MethodInvocationHelper.invokeMethod(MethodInvocationHelper.java:104)
	at org.testng.internal.Invoker.invokeMethod(Invoker.java:645)
	at org.testng.internal.Invoker.invokeTestMethod(Invoker.java:851)
	at org.testng.internal.Invoker.invokeTestMethods(Invoker.java:1177)
	at org.testng.internal.TestMethodWorker.invokeTestMethods(TestMethodWorker.java:129)
	at org.testng.internal.TestMethodWorker.run(TestMethodWorker.java:112)
	at org.testng.TestRunner.privateRun(TestRunner.java:756)
	at org.testng.TestRunner.run(TestRunner.java:610)
	at org.testng.SuiteRunner.runTest(SuiteRunner.java:387)
	at org.testng.SuiteRunner.runSequentially(SuiteRunner.java:382)
	at org.testng.SuiteRunner.privateRun(SuiteRunner.java:340)
	at org.testng.SuiteRunner.run(SuiteRunner.java:289)
	at org.testng.SuiteRunnerWorker.runSuite(SuiteRunnerWorker.java:52)
	at org.testng.SuiteRunnerWorker.run(SuiteRunnerWorker.java:86)
	at org.testng.TestNG.runSuitesSequentially(TestNG.java:1293)
	at org.testng.TestNG.runSuitesLocally(TestNG.java:1218)
	at org.testng.TestNG.runSuites(TestNG.java:1133)
	at org.testng.TestNG.run(TestNG.java:1104)
	at org.testng.remote.AbstractRemoteTestNG.run(AbstractRemoteTestNG.java:132)
	at org.testng.remote.RemoteTestNG.initAndRun(RemoteTestNG.java:236)
	at org.testng.remote.RemoteTestNG.main(RemoteTestNG.java:81)
</pre></div></td>
<td>2</td>
<td>Selenium.themthanhvien@5677323c</td></tr>
<tr>
<td title='Selenium.themthanhvien.Add_Staff_22()'><b>Add_Staff_22</b><br>Test class: Selenium.themthanhvien<br>Test method: Nh?p vào tr??ng  ký t? ch?  unicode 6 ký t? Password</td>
<td><div><pre>java.lang.AssertionError: expected [Password ch? ch?a các kí t? t? A-Z,a-z,0-9] but found []
	at org.testng.Assert.fail(Assert.java:94)
	at org.testng.Assert.failNotEquals(Assert.java:513)
	at org.testng.Assert.assertEqualsImpl(Assert.java:135)
	at org.testng.Assert.assertEquals(Assert.java:116)
	at org.testng.Assert.assertEquals(Assert.java:190)
	at org.testng.Assert.assertEquals(Assert.java:200)
	at Selenium.themthanhvien.Add_Staff_22(themthanhvien.java:332)
	at sun.reflect.NativeMethodAccessorImpl.invoke0(Native Method)
	at sun.reflect.NativeMethodAccessorImpl.invoke(Unknown Source)
	at sun.reflect.DelegatingMethodAccessorImpl.invoke(Unknown Source)
	at java.lang.reflect.Method.invoke(Unknown Source)
	at org.testng.internal.MethodInvocationHelper.invokeMethod(MethodInvocationHelper.java:104)
	at org.testng.internal.Invoker.invokeMethod(Invoker.java:645)
	at org.testng.internal.Invoker.invokeTestMethod(Invoker.java:851)
	at org.testng.internal.Invoker.invokeTestMethods(Invoker.java:1177)
	at org.testng.internal.TestMethodWorker.invokeTestMethods(TestMethodWorker.java:129)
	at org.testng.internal.TestMethodWorker.run(TestMethodWorker.java:112)
	at org.testng.TestRunner.privateRun(TestRunner.java:756)
	at org.testng.TestRunner.run(TestRunner.java:610)
	at org.testng.SuiteRunner.runTest(SuiteRunner.java:387)
	at org.testng.SuiteRunner.runSequentially(SuiteRunner.java:382)
	at org.testng.SuiteRunner.privateRun(SuiteRunner.java:340)
	at org.testng.SuiteRunner.run(SuiteRunner.java:289)
	at org.testng.SuiteRunnerWorker.runSuite(SuiteRunnerWorker.java:52)
	at org.testng.SuiteRunnerWorker.run(SuiteRunnerWorker.java:86)
	at org.testng.TestNG.runSuitesSequentially(TestNG.java:1293)
	at org.testng.TestNG.runSuitesLocally(TestNG.java:1218)
	at org.testng.TestNG.runSuites(TestNG.java:1133)
	at org.testng.TestNG.run(TestNG.java:1104)
	at org.testng.remote.AbstractRemoteTestNG.run(AbstractRemoteTestNG.java:132)
	at org.testng.remote.RemoteTestNG.initAndRun(RemoteTestNG.java:236)
	at org.testng.remote.RemoteTestNG.main(RemoteTestNG.java:81)
</pre></div><a href='#' onClick='toggleBox("stack-trace741390111", this, "Click to show all stack frames", "Click to hide stack frames")'>Click to show all stack frames</a>
<div class='stack-trace' id='stack-trace741390111'><pre>java.lang.AssertionError: expected [Password ch? ch?a các kí t? t? A-Z,a-z,0-9] but found []
	at org.testng.Assert.fail(Assert.java:94)
	at org.testng.Assert.failNotEquals(Assert.java:513)
	at org.testng.Assert.assertEqualsImpl(Assert.java:135)
	at org.testng.Assert.assertEquals(Assert.java:116)
	at org.testng.Assert.assertEquals(Assert.java:190)
	at org.testng.Assert.assertEquals(Assert.java:200)
	at Selenium.themthanhvien.Add_Staff_22(themthanhvien.java:332)
	at sun.reflect.NativeMethodAccessorImpl.invoke0(Native Method)
	at sun.reflect.NativeMethodAccessorImpl.invoke(Unknown Source)
	at sun.reflect.DelegatingMethodAccessorImpl.invoke(Unknown Source)
	at java.lang.reflect.Method.invoke(Unknown Source)
	at org.testng.internal.MethodInvocationHelper.invokeMethod(MethodInvocationHelper.java:104)
	at org.testng.internal.Invoker.invokeMethod(Invoker.java:645)
	at org.testng.internal.Invoker.invokeTestMethod(Invoker.java:851)
	at org.testng.internal.Invoker.invokeTestMethods(Invoker.java:1177)
	at org.testng.internal.TestMethodWorker.invokeTestMethods(TestMethodWorker.java:129)
	at org.testng.internal.TestMethodWorker.run(TestMethodWorker.java:112)
	at org.testng.TestRunner.privateRun(TestRunner.java:756)
	at org.testng.TestRunner.run(TestRunner.java:610)
	at org.testng.SuiteRunner.runTest(SuiteRunner.java:387)
	at org.testng.SuiteRunner.runSequentially(SuiteRunner.java:382)
	at org.testng.SuiteRunner.privateRun(SuiteRunner.java:340)
	at org.testng.SuiteRunner.run(SuiteRunner.java:289)
	at org.testng.SuiteRunnerWorker.runSuite(SuiteRunnerWorker.java:52)
	at org.testng.SuiteRunnerWorker.run(SuiteRunnerWorker.java:86)
	at org.testng.TestNG.runSuitesSequentially(TestNG.java:1293)
	at org.testng.TestNG.runSuitesLocally(TestNG.java:1218)
	at org.testng.TestNG.runSuites(TestNG.java:1133)
	at org.testng.TestNG.run(TestNG.java:1104)
	at org.testng.remote.AbstractRemoteTestNG.run(AbstractRemoteTestNG.java:132)
	at org.testng.remote.RemoteTestNG.initAndRun(RemoteTestNG.java:236)
	at org.testng.remote.RemoteTestNG.main(RemoteTestNG.java:81)
</pre></div></td>
<td>2</td>
<td>Selenium.themthanhvien@5677323c</td></tr>
<tr>
<td title='Selenium.themthanhvien.Add_Staff_23()'><b>Add_Staff_23</b><br>Test class: Selenium.themthanhvien<br>Test method: Nh?p vào tr??ng  ký t? ch?  unicode 7 ký t? Password</td>
<td><div><pre>java.lang.AssertionError: expected [Password ch? ch?a các kí t? t? A-Z,a-z,0-9] but found []
	at org.testng.Assert.fail(Assert.java:94)
	at org.testng.Assert.failNotEquals(Assert.java:513)
	at org.testng.Assert.assertEqualsImpl(Assert.java:135)
	at org.testng.Assert.assertEquals(Assert.java:116)
	at org.testng.Assert.assertEquals(Assert.java:190)
	at org.testng.Assert.assertEquals(Assert.java:200)
	at Selenium.themthanhvien.Add_Staff_23(themthanhvien.java:346)
	at sun.reflect.NativeMethodAccessorImpl.invoke0(Native Method)
	at sun.reflect.NativeMethodAccessorImpl.invoke(Unknown Source)
	at sun.reflect.DelegatingMethodAccessorImpl.invoke(Unknown Source)
	at java.lang.reflect.Method.invoke(Unknown Source)
	at org.testng.internal.MethodInvocationHelper.invokeMethod(MethodInvocationHelper.java:104)
	at org.testng.internal.Invoker.invokeMethod(Invoker.java:645)
	at org.testng.internal.Invoker.invokeTestMethod(Invoker.java:851)
	at org.testng.internal.Invoker.invokeTestMethods(Invoker.java:1177)
	at org.testng.internal.TestMethodWorker.invokeTestMethods(TestMethodWorker.java:129)
	at org.testng.internal.TestMethodWorker.run(TestMethodWorker.java:112)
	at org.testng.TestRunner.privateRun(TestRunner.java:756)
	at org.testng.TestRunner.run(TestRunner.java:610)
	at org.testng.SuiteRunner.runTest(SuiteRunner.java:387)
	at org.testng.SuiteRunner.runSequentially(SuiteRunner.java:382)
	at org.testng.SuiteRunner.privateRun(SuiteRunner.java:340)
	at org.testng.SuiteRunner.run(SuiteRunner.java:289)
	at org.testng.SuiteRunnerWorker.runSuite(SuiteRunnerWorker.java:52)
	at org.testng.SuiteRunnerWorker.run(SuiteRunnerWorker.java:86)
	at org.testng.TestNG.runSuitesSequentially(TestNG.java:1293)
	at org.testng.TestNG.runSuitesLocally(TestNG.java:1218)
	at org.testng.TestNG.runSuites(TestNG.java:1133)
	at org.testng.TestNG.run(TestNG.java:1104)
	at org.testng.remote.AbstractRemoteTestNG.run(AbstractRemoteTestNG.java:132)
	at org.testng.remote.RemoteTestNG.initAndRun(RemoteTestNG.java:236)
	at org.testng.remote.RemoteTestNG.main(RemoteTestNG.java:81)
</pre></div><a href='#' onClick='toggleBox("stack-trace461448225", this, "Click to show all stack frames", "Click to hide stack frames")'>Click to show all stack frames</a>
<div class='stack-trace' id='stack-trace461448225'><pre>java.lang.AssertionError: expected [Password ch? ch?a các kí t? t? A-Z,a-z,0-9] but found []
	at org.testng.Assert.fail(Assert.java:94)
	at org.testng.Assert.failNotEquals(Assert.java:513)
	at org.testng.Assert.assertEqualsImpl(Assert.java:135)
	at org.testng.Assert.assertEquals(Assert.java:116)
	at org.testng.Assert.assertEquals(Assert.java:190)
	at org.testng.Assert.assertEquals(Assert.java:200)
	at Selenium.themthanhvien.Add_Staff_23(themthanhvien.java:346)
	at sun.reflect.NativeMethodAccessorImpl.invoke0(Native Method)
	at sun.reflect.NativeMethodAccessorImpl.invoke(Unknown Source)
	at sun.reflect.DelegatingMethodAccessorImpl.invoke(Unknown Source)
	at java.lang.reflect.Method.invoke(Unknown Source)
	at org.testng.internal.MethodInvocationHelper.invokeMethod(MethodInvocationHelper.java:104)
	at org.testng.internal.Invoker.invokeMethod(Invoker.java:645)
	at org.testng.internal.Invoker.invokeTestMethod(Invoker.java:851)
	at org.testng.internal.Invoker.invokeTestMethods(Invoker.java:1177)
	at org.testng.internal.TestMethodWorker.invokeTestMethods(TestMethodWorker.java:129)
	at org.testng.internal.TestMethodWorker.run(TestMethodWorker.java:112)
	at org.testng.TestRunner.privateRun(TestRunner.java:756)
	at org.testng.TestRunner.run(TestRunner.java:610)
	at org.testng.SuiteRunner.runTest(SuiteRunner.java:387)
	at org.testng.SuiteRunner.runSequentially(SuiteRunner.java:382)
	at org.testng.SuiteRunner.privateRun(SuiteRunner.java:340)
	at org.testng.SuiteRunner.run(SuiteRunner.java:289)
	at org.testng.SuiteRunnerWorker.runSuite(SuiteRunnerWorker.java:52)
	at org.testng.SuiteRunnerWorker.run(SuiteRunnerWorker.java:86)
	at org.testng.TestNG.runSuitesSequentially(TestNG.java:1293)
	at org.testng.TestNG.runSuitesLocally(TestNG.java:1218)
	at org.testng.TestNG.runSuites(TestNG.java:1133)
	at org.testng.TestNG.run(TestNG.java:1104)
	at org.testng.remote.AbstractRemoteTestNG.run(AbstractRemoteTestNG.java:132)
	at org.testng.remote.RemoteTestNG.initAndRun(RemoteTestNG.java:236)
	at org.testng.remote.RemoteTestNG.main(RemoteTestNG.java:81)
</pre></div></td>
<td>2</td>
<td>Selenium.themthanhvien@5677323c</td></tr>
<tr>
<td title='Selenium.themthanhvien.Add_Staff_26()'><b>Add_Staff_26</b><br>Test class: Selenium.themthanhvien<br>Test method: Nh?p vào tr??ng Password ký t? ??c bi?t </td>
<td><div><pre>java.lang.AssertionError: expected [Password ch? ch?a các kí t? t? A-Z,a-z,0-9] but found []
	at org.testng.Assert.fail(Assert.java:94)
	at org.testng.Assert.failNotEquals(Assert.java:513)
	at org.testng.Assert.assertEqualsImpl(Assert.java:135)
	at org.testng.Assert.assertEquals(Assert.java:116)
	at org.testng.Assert.assertEquals(Assert.java:190)
	at org.testng.Assert.assertEquals(Assert.java:200)
	at Selenium.themthanhvien.Add_Staff_26(themthanhvien.java:388)
	at sun.reflect.NativeMethodAccessorImpl.invoke0(Native Method)
	at sun.reflect.NativeMethodAccessorImpl.invoke(Unknown Source)
	at sun.reflect.DelegatingMethodAccessorImpl.invoke(Unknown Source)
	at java.lang.reflect.Method.invoke(Unknown Source)
	at org.testng.internal.MethodInvocationHelper.invokeMethod(MethodInvocationHelper.java:104)
	at org.testng.internal.Invoker.invokeMethod(Invoker.java:645)
	at org.testng.internal.Invoker.invokeTestMethod(Invoker.java:851)
	at org.testng.internal.Invoker.invokeTestMethods(Invoker.java:1177)
	at org.testng.internal.TestMethodWorker.invokeTestMethods(TestMethodWorker.java:129)
	at org.testng.internal.TestMethodWorker.run(TestMethodWorker.java:112)
	at org.testng.TestRunner.privateRun(TestRunner.java:756)
	at org.testng.TestRunner.run(TestRunner.java:610)
	at org.testng.SuiteRunner.runTest(SuiteRunner.java:387)
	at org.testng.SuiteRunner.runSequentially(SuiteRunner.java:382)
	at org.testng.SuiteRunner.privateRun(SuiteRunner.java:340)
	at org.testng.SuiteRunner.run(SuiteRunner.java:289)
	at org.testng.SuiteRunnerWorker.runSuite(SuiteRunnerWorker.java:52)
	at org.testng.SuiteRunnerWorker.run(SuiteRunnerWorker.java:86)
	at org.testng.TestNG.runSuitesSequentially(TestNG.java:1293)
	at org.testng.TestNG.runSuitesLocally(TestNG.java:1218)
	at org.testng.TestNG.runSuites(TestNG.java:1133)
	at org.testng.TestNG.run(TestNG.java:1104)
	at org.testng.remote.AbstractRemoteTestNG.run(AbstractRemoteTestNG.java:132)
	at org.testng.remote.RemoteTestNG.initAndRun(RemoteTestNG.java:236)
	at org.testng.remote.RemoteTestNG.main(RemoteTestNG.java:81)
</pre></div><a href='#' onClick='toggleBox("stack-trace261567641", this, "Click to show all stack frames", "Click to hide stack frames")'>Click to show all stack frames</a>
<div class='stack-trace' id='stack-trace261567641'><pre>java.lang.AssertionError: expected [Password ch? ch?a các kí t? t? A-Z,a-z,0-9] but found []
	at org.testng.Assert.fail(Assert.java:94)
	at org.testng.Assert.failNotEquals(Assert.java:513)
	at org.testng.Assert.assertEqualsImpl(Assert.java:135)
	at org.testng.Assert.assertEquals(Assert.java:116)
	at org.testng.Assert.assertEquals(Assert.java:190)
	at org.testng.Assert.assertEquals(Assert.java:200)
	at Selenium.themthanhvien.Add_Staff_26(themthanhvien.java:388)
	at sun.reflect.NativeMethodAccessorImpl.invoke0(Native Method)
	at sun.reflect.NativeMethodAccessorImpl.invoke(Unknown Source)
	at sun.reflect.DelegatingMethodAccessorImpl.invoke(Unknown Source)
	at java.lang.reflect.Method.invoke(Unknown Source)
	at org.testng.internal.MethodInvocationHelper.invokeMethod(MethodInvocationHelper.java:104)
	at org.testng.internal.Invoker.invokeMethod(Invoker.java:645)
	at org.testng.internal.Invoker.invokeTestMethod(Invoker.java:851)
	at org.testng.internal.Invoker.invokeTestMethods(Invoker.java:1177)
	at org.testng.internal.TestMethodWorker.invokeTestMethods(TestMethodWorker.java:129)
	at org.testng.internal.TestMethodWorker.run(TestMethodWorker.java:112)
	at org.testng.TestRunner.privateRun(TestRunner.java:756)
	at org.testng.TestRunner.run(TestRunner.java:610)
	at org.testng.SuiteRunner.runTest(SuiteRunner.java:387)
	at org.testng.SuiteRunner.runSequentially(SuiteRunner.java:382)
	at org.testng.SuiteRunner.privateRun(SuiteRunner.java:340)
	at org.testng.SuiteRunner.run(SuiteRunner.java:289)
	at org.testng.SuiteRunnerWorker.runSuite(SuiteRunnerWorker.java:52)
	at org.testng.SuiteRunnerWorker.run(SuiteRunnerWorker.java:86)
	at org.testng.TestNG.runSuitesSequentially(TestNG.java:1293)
	at org.testng.TestNG.runSuitesLocally(TestNG.java:1218)
	at org.testng.TestNG.runSuites(TestNG.java:1133)
	at org.testng.TestNG.run(TestNG.java:1104)
	at org.testng.remote.AbstractRemoteTestNG.run(AbstractRemoteTestNG.java:132)
	at org.testng.remote.RemoteTestNG.initAndRun(RemoteTestNG.java:236)
	at org.testng.remote.RemoteTestNG.main(RemoteTestNG.java:81)
</pre></div></td>
<td>2</td>
<td>Selenium.themthanhvien@5677323c</td></tr>
<tr>
<td title='Selenium.themthanhvien.Add_Staff_28()'><b>Add_Staff_28</b><br>Test class: Selenium.themthanhvien<br>Test method: Nh?p vào tr??ng Password s?, ch?, ký t? ??c bi?t </td>
<td><div><pre>java.lang.AssertionError: expected [Password ch? ch?a các kí t? t? A-Z,a-z,0-9] but found []
	at org.testng.Assert.fail(Assert.java:94)
	at org.testng.Assert.failNotEquals(Assert.java:513)
	at org.testng.Assert.assertEqualsImpl(Assert.java:135)
	at org.testng.Assert.assertEquals(Assert.java:116)
	at org.testng.Assert.assertEquals(Assert.java:190)
	at org.testng.Assert.assertEquals(Assert.java:200)
	at Selenium.themthanhvien.Add_Staff_28(themthanhvien.java:416)
	at sun.reflect.NativeMethodAccessorImpl.invoke0(Native Method)
	at sun.reflect.NativeMethodAccessorImpl.invoke(Unknown Source)
	at sun.reflect.DelegatingMethodAccessorImpl.invoke(Unknown Source)
	at java.lang.reflect.Method.invoke(Unknown Source)
	at org.testng.internal.MethodInvocationHelper.invokeMethod(MethodInvocationHelper.java:104)
	at org.testng.internal.Invoker.invokeMethod(Invoker.java:645)
	at org.testng.internal.Invoker.invokeTestMethod(Invoker.java:851)
	at org.testng.internal.Invoker.invokeTestMethods(Invoker.java:1177)
	at org.testng.internal.TestMethodWorker.invokeTestMethods(TestMethodWorker.java:129)
	at org.testng.internal.TestMethodWorker.run(TestMethodWorker.java:112)
	at org.testng.TestRunner.privateRun(TestRunner.java:756)
	at org.testng.TestRunner.run(TestRunner.java:610)
	at org.testng.SuiteRunner.runTest(SuiteRunner.java:387)
	at org.testng.SuiteRunner.runSequentially(SuiteRunner.java:382)
	at org.testng.SuiteRunner.privateRun(SuiteRunner.java:340)
	at org.testng.SuiteRunner.run(SuiteRunner.java:289)
	at org.testng.SuiteRunnerWorker.runSuite(SuiteRunnerWorker.java:52)
	at org.testng.SuiteRunnerWorker.run(SuiteRunnerWorker.java:86)
	at org.testng.TestNG.runSuitesSequentially(TestNG.java:1293)
	at org.testng.TestNG.runSuitesLocally(TestNG.java:1218)
	at org.testng.TestNG.runSuites(TestNG.java:1133)
	at org.testng.TestNG.run(TestNG.java:1104)
	at org.testng.remote.AbstractRemoteTestNG.run(AbstractRemoteTestNG.java:132)
	at org.testng.remote.RemoteTestNG.initAndRun(RemoteTestNG.java:236)
	at org.testng.remote.RemoteTestNG.main(RemoteTestNG.java:81)
</pre></div><a href='#' onClick='toggleBox("stack-trace613281005", this, "Click to show all stack frames", "Click to hide stack frames")'>Click to show all stack frames</a>
<div class='stack-trace' id='stack-trace613281005'><pre>java.lang.AssertionError: expected [Password ch? ch?a các kí t? t? A-Z,a-z,0-9] but found []
	at org.testng.Assert.fail(Assert.java:94)
	at org.testng.Assert.failNotEquals(Assert.java:513)
	at org.testng.Assert.assertEqualsImpl(Assert.java:135)
	at org.testng.Assert.assertEquals(Assert.java:116)
	at org.testng.Assert.assertEquals(Assert.java:190)
	at org.testng.Assert.assertEquals(Assert.java:200)
	at Selenium.themthanhvien.Add_Staff_28(themthanhvien.java:416)
	at sun.reflect.NativeMethodAccessorImpl.invoke0(Native Method)
	at sun.reflect.NativeMethodAccessorImpl.invoke(Unknown Source)
	at sun.reflect.DelegatingMethodAccessorImpl.invoke(Unknown Source)
	at java.lang.reflect.Method.invoke(Unknown Source)
	at org.testng.internal.MethodInvocationHelper.invokeMethod(MethodInvocationHelper.java:104)
	at org.testng.internal.Invoker.invokeMethod(Invoker.java:645)
	at org.testng.internal.Invoker.invokeTestMethod(Invoker.java:851)
	at org.testng.internal.Invoker.invokeTestMethods(Invoker.java:1177)
	at org.testng.internal.TestMethodWorker.invokeTestMethods(TestMethodWorker.java:129)
	at org.testng.internal.TestMethodWorker.run(TestMethodWorker.java:112)
	at org.testng.TestRunner.privateRun(TestRunner.java:756)
	at org.testng.TestRunner.run(TestRunner.java:610)
	at org.testng.SuiteRunner.runTest(SuiteRunner.java:387)
	at org.testng.SuiteRunner.runSequentially(SuiteRunner.java:382)
	at org.testng.SuiteRunner.privateRun(SuiteRunner.java:340)
	at org.testng.SuiteRunner.run(SuiteRunner.java:289)
	at org.testng.SuiteRunnerWorker.runSuite(SuiteRunnerWorker.java:52)
	at org.testng.SuiteRunnerWorker.run(SuiteRunnerWorker.java:86)
	at org.testng.TestNG.runSuitesSequentially(TestNG.java:1293)
	at org.testng.TestNG.runSuitesLocally(TestNG.java:1218)
	at org.testng.TestNG.runSuites(TestNG.java:1133)
	at org.testng.TestNG.run(TestNG.java:1104)
	at org.testng.remote.AbstractRemoteTestNG.run(AbstractRemoteTestNG.java:132)
	at org.testng.remote.RemoteTestNG.initAndRun(RemoteTestNG.java:236)
	at org.testng.remote.RemoteTestNG.main(RemoteTestNG.java:81)
</pre></div></td>
<td>2</td>
<td>Selenium.themthanhvien@5677323c</td></tr>
</table><p>
<table width='100%' border='1' class='invocation-passed'>
<tr><td colspan='4' align='center'><b>PASSED TESTS</b></td></tr>
<tr><td><b>Test method</b></td>
<td width="30%"><b>Exception</b></td>
<td width="10%"><b>Time (seconds)</b></td>
<td><b>Instance</b></td>
</tr>
<tr>
<td title='Selenium.themthanhvien.Add_Staff_01()'><b>Add_Staff_01</b><br>Test class: Selenium.themthanhvien<br>Test method: thêm m?i thành viên ?ây ?? các tr??ng</td>
<td></td>
<td>3</td>
<td>Selenium.themthanhvien@5677323c</td></tr>
<tr>
<td title='Selenium.themthanhvien.Add_Staff_02()'><b>Add_Staff_02</b><br>Test class: Selenium.themthanhvien<br>Test method: thêm m?i thành viên v?i email ???c b? tr?ng</td>
<td></td>
<td>0</td>
<td>Selenium.themthanhvien@5677323c</td></tr>
<tr>
<td title='Selenium.themthanhvien.Add_Staff_03()'><b>Add_Staff_03</b><br>Test class: Selenium.themthanhvien<br>Test method: Nh?p ?úng ??nh d?ng tr??ng email</td>
<td></td>
<td>2</td>
<td>Selenium.themthanhvien@5677323c</td></tr>
<tr>
<td title='Selenium.themthanhvien.Add_Staff_04()'><b>Add_Staff_04</b><br>Test class: Selenium.themthanhvien<br>Test method:  Nh?p sai ??nh d?ng tr??ng email</td>
<td></td>
<td>1</td>
<td>Selenium.themthanhvien@5677323c</td></tr>
<tr>
<td title='Selenium.themthanhvien.Add_Staff_05()'><b>Add_Staff_05</b><br>Test class: Selenium.themthanhvien<br>Test method: Nh?p s? vào tr??ng email</td>
<td></td>
<td>1</td>
<td>Selenium.themthanhvien@5677323c</td></tr>
<tr>
<td title='Selenium.themthanhvien.Add_Staff_07()'><b>Add_Staff_07</b><br>Test class: Selenium.themthanhvien<br>Test method: Nh?p ch? và d?u _ tr??ng email</td>
<td></td>
<td>2</td>
<td>Selenium.themthanhvien@5677323c</td></tr>
<tr>
<td title='Selenium.themthanhvien.Add_Staff_09()'><b>Add_Staff_09</b><br>Test class: Selenium.themthanhvien<br>Test method: Nh?p ch? nh? h?n 4 ký t? tr??ng email</td>
<td></td>
<td>2</td>
<td>Selenium.themthanhvien@5677323c</td></tr>
<tr>
<td title='Selenium.themthanhvien.Add_Staff_10()'><b>Add_Staff_10</b><br>Test class: Selenium.themthanhvien<br>Test method: Nh?p kí t? s? ??ng sau  ký t? @ vào  tr??ng email</td>
<td></td>
<td>2</td>
<td>Selenium.themthanhvien@5677323c</td></tr>
<tr>
<td title='Selenium.themthanhvien.Add_Staff_11()'><b>Add_Staff_11</b><br>Test class: Selenium.themthanhvien<br>Test method: Nh?p kí t? _ ??ng sau  ký t? @ vào  tr??ng email</td>
<td></td>
<td>2</td>
<td>Selenium.themthanhvien@5677323c</td></tr>
<tr>
<td title='Selenium.themthanhvien.Add_Staff_12()'><b>Add_Staff_12</b><br>Test class: Selenium.themthanhvien<br>Test method: Nh?p kí t?  ??c bi?t ??ng sau  ký t? @ vào  tr??ng email</td>
<td></td>
<td>2</td>
<td>Selenium.themthanhvien@5677323c</td></tr>
<tr>
<td title='Selenium.themthanhvien.Add_Staff_13()'><b>Add_Staff_13</b><br>Test class: Selenium.themthanhvien<br>Test method: Nh?p <3 ký t? ??ng sau  ký t? @ vào  tr??ng email</td>
<td></td>
<td>2</td>
<td>Selenium.themthanhvien@5677323c</td></tr>
<tr>
<td title='Selenium.themthanhvien.Add_Staff_14()'><b>Add_Staff_14</b><br>Test class: Selenium.themthanhvien<br>Test method: Nh?p kho?ng tr?ng vào tr??ng email</td>
<td></td>
<td>2</td>
<td>Selenium.themthanhvien@5677323c</td></tr>
<tr>
<td title='Selenium.themthanhvien.Add_Staff_15()'><b>Add_Staff_15</b><br>Test class: Selenium.themthanhvien<br>Test method: Nh?p kho?ng tr?ng và kí t? s? vào tr??ng email</td>
<td></td>
<td>2</td>
<td>Selenium.themthanhvien@5677323c</td></tr>
<tr>
<td title='Selenium.themthanhvien.Add_Staff_18()'><b>Add_Staff_18</b><br>Test class: Selenium.themthanhvien<br>Test method: B? Tr?ng tr??ng Password</td>
<td></td>
<td>2</td>
<td>Selenium.themthanhvien@5677323c</td></tr>
<tr>
<td title='Selenium.themthanhvien.Add_Staff_19()'><b>Add_Staff_19</b><br>Test class: Selenium.themthanhvien<br>Test method: Nh?p vào tr??ng <5 ký t? ch? Password</td>
<td></td>
<td>2</td>
<td>Selenium.themthanhvien@5677323c</td></tr>
<tr>
<td title='Selenium.themthanhvien.Add_Staff_20()'><b>Add_Staff_20</b><br>Test class: Selenium.themthanhvien<br>Test method: Nh?p vào tr??ng =6 ký t? ch? Password</td>
<td></td>
<td>1</td>
<td>Selenium.themthanhvien@5677323c</td></tr>
<tr>
<td title='Selenium.themthanhvien.Add_Staff_21()'><b>Add_Staff_21</b><br>Test class: Selenium.themthanhvien<br>Test method: Nh?p vào tr??ng 7 ký t? ch? Password</td>
<td></td>
<td>2</td>
<td>Selenium.themthanhvien@5677323c</td></tr>
<tr>
<td title='Selenium.themthanhvien.Add_Staff_24()'><b>Add_Staff_24</b><br>Test class: Selenium.themthanhvien<br>Test method: Nh?p vào tr??ng Password ký t? in hoa</td>
<td></td>
<td>2</td>
<td>Selenium.themthanhvien@5677323c</td></tr>
<tr>
<td title='Selenium.themthanhvien.Add_Staff_25()'><b>Add_Staff_25</b><br>Test class: Selenium.themthanhvien<br>Test method: Nh?p vào tr??ng Password ký t? in th??ng</td>
<td></td>
<td>2</td>
<td>Selenium.themthanhvien@5677323c</td></tr>
<tr>
<td title='Selenium.themthanhvien.Add_Staff_27()'><b>Add_Staff_27</b><br>Test class: Selenium.themthanhvien<br>Test method: Nh?p vào tr??ng Password s? và ch? </td>
<td></td>
<td>2</td>
<td>Selenium.themthanhvien@5677323c</td></tr>
<tr>
<td title='Selenium.themthanhvien.Add_Staff_29()'><b>Add_Staff_29</b><br>Test class: Selenium.themthanhvien<br>Test method: B? Tr?ng tr??ng Re-enter password</td>
<td></td>
<td>1</td>
<td>Selenium.themthanhvien@5677323c</td></tr>
<tr>
<td title='Selenium.themthanhvien.Add_Staff_30()'><b>Add_Staff_30</b><br>Test class: Selenium.themthanhvien<br>Test method: Nh?p tr??ng Re-enter password gi?ng password</td>
<td></td>
<td>1</td>
<td>Selenium.themthanhvien@5677323c</td></tr>
<tr>
<td title='Selenium.themthanhvien.Add_Staff_31()'><b>Add_Staff_31</b><br>Test class: Selenium.themthanhvien<br>Test method: Nh?p tr??ng Re-enter password khác password</td>
<td></td>
<td>2</td>
<td>Selenium.themthanhvien@5677323c</td></tr>
<tr>
<td title='Selenium.themthanhvien.Add_Staff_32()'><b>Add_Staff_32</b><br>Test class: Selenium.themthanhvien<br>Test method: Nh?p tr??ng Re-enter password ch? in hoa password</td>
<td></td>
<td>2</td>
<td>Selenium.themthanhvien@5677323c</td></tr>
<tr>
<td title='Selenium.themthanhvien.Add_Staff_33()'><b>Add_Staff_33</b><br>Test class: Selenium.themthanhvien<br>Test method: Nh?p tr??ng Re-enter password ch? in hoa và s? password</td>
<td></td>
<td>0</td>
<td>Selenium.themthanhvien@5677323c</td></tr>
<tr>
<td title='Selenium.themthanhvien.Add_Staff_34()'><b>Add_Staff_34</b><br>Test class: Selenium.themthanhvien<br>Test method: Nh?p tr??ng Re-enter password ch? in hoa và ký t? ??c bi?t password</td>
<td></td>
<td>2</td>
<td>Selenium.themthanhvien@5677323c</td></tr>
<tr>
<td title='Selenium.themthanhvien.Add_Staff_35()'><b>Add_Staff_35</b><br>Test class: Selenium.themthanhvien<br>Test method: Nh?p tr??ng Re-enter password ch? in hoa và ký t? th??ng</td>
<td></td>
<td>2</td>
<td>Selenium.themthanhvien@5677323c</td></tr>
<tr>
<td title='Selenium.themthanhvien.Add_Staff_36()'><b>Add_Staff_36</b><br>Test class: Selenium.themthanhvien<br>Test method: Nh?p tr??ng Re-enter password ch?  có d?u </td>
<td></td>
<td>2</td>
<td>Selenium.themthanhvien@5677323c</td></tr>
<tr>
<td title='Selenium.themthanhvien.Add_Staff_37()'><b>Add_Staff_37</b><br>Test class: Selenium.themthanhvien<br>Test method: Nh?p tr??ng Re-enter password ch?  có d?u và kho?ng tr?ng </td>
<td></td>
<td>2</td>
<td>Selenium.themthanhvien@5677323c</td></tr>
<tr>
<td title='Selenium.themthanhvien.Add_Staff_38()'><b>Add_Staff_38</b><br>Test class: Selenium.themthanhvien<br>Test method: Nh?p tr??ng Re-enter password ch?  không d?u và kho?ng tr?ng </td>
<td></td>
<td>2</td>
<td>Selenium.themthanhvien@5677323c</td></tr>
<tr>
<td title='Selenium.themthanhvien.Add_Staff_39()'><b>Add_Staff_39</b><br>Test class: Selenium.themthanhvien<br>Test method: Nh?p tr??ng Re-enter password ch?  không d?u ,kho?ng tr?ng,ký t? ??c bi?t</td>
<td></td>
<td>2</td>
<td>Selenium.themthanhvien@5677323c</td></tr>
<tr>
<td title='Selenium.themthanhvien.Add_Staff_40()'><b>Add_Staff_40</b><br>Test class: Selenium.themthanhvien<br>Test method: Nh?p tr??ng Re-enter password  kho?ng tr?ng,ký t? ??c bi?t </td>
<td></td>
<td>2</td>
<td>Selenium.themthanhvien@5677323c</td></tr>
<tr>
<td title='Selenium.themthanhvien.Add_Staff_41()'><b>Add_Staff_41</b><br>Test class: Selenium.themthanhvien<br>Test method: Nh?p tr??ng Re-enter password  kho?ng tr?ng</td>
<td></td>
<td>2</td>
<td>Selenium.themthanhvien@5677323c</td></tr>
<tr>
<td title='Selenium.themthanhvien.Add_Staff_42()'><b>Add_Staff_42</b><br>Test class: Selenium.themthanhvien<br>Test method: Nh?p tr??ng Re-enter password  kho?ng tr?ng và s?</td>
<td></td>
<td>2</td>
<td>Selenium.themthanhvien@5677323c</td></tr>
<tr>
<td title='Selenium.themthanhvien.Add_Staff_43()'><b>Add_Staff_43</b><br>Test class: Selenium.themthanhvien<br>Test method: Nh?p tr??ng Re-enter password ch? có d?u kho?ng tr?ng và s?</td>
<td></td>
<td>0</td>
<td>Selenium.themthanhvien@5677323c</td></tr>
<tr>
<td title='Selenium.themthanhvien.Add_Staff_44()'><b>Add_Staff_44</b><br>Test class: Selenium.themthanhvien<br>Test method: Nh?p tr??ng Re-enter password ch? có d?u kho?ng tr?ng và s?, ký t? ??c bi?t</td>
<td></td>
<td>2</td>
<td>Selenium.themthanhvien@5677323c</td></tr>
<tr>
<td title='Selenium.themthanhvien.Add_Staff_45()'><b>Add_Staff_45</b><br>Test class: Selenium.themthanhvien<br>Test method: Nh?p tr??ng Re-enter password ch? có d?u kho?ng tr?ng  </td>
<td></td>
<td>0</td>
<td>Selenium.themthanhvien@5677323c</td></tr>
<tr>
<td title='Selenium.themthanhvien.Add_Staff_46()'><b>Add_Staff_46</b><br>Test class: Selenium.themthanhvien<br>Test method: Nh?p tr??ng Re-enter password ký t? ??c bi?t kho?ng tr?ng </td>
<td></td>
<td>1</td>
<td>Selenium.themthanhvien@5677323c</td></tr>
<tr>
<td title='Selenium.themthanhvien.Add_Staff_47()'><b>Add_Staff_47</b><br>Test class: Selenium.themthanhvien<br>Test method: Nh?p tr??ng Re-enter password ch? in hoa có d?u kho?ng tr?ng và s?</td>
<td></td>
<td>1</td>
<td>Selenium.themthanhvien@5677323c</td></tr>
<tr>
<td title='Selenium.themthanhvien.Add_Staff_48()'><b>Add_Staff_48</b><br>Test class: Selenium.themthanhvien<br>Test method: Nh?p tr??ng Re-enter password ch? có d?u ,s?,ký t? ??c bi?t,kho?ng tr?ng</td>
<td></td>
<td>2</td>
<td>Selenium.themthanhvien@5677323c</td></tr>
<tr>
<td title='Selenium.themthanhvien.Add_Staff_49()'><b>Add_Staff_49</b><br>Test class: Selenium.themthanhvien<br>Test method: B? Tr?ng tr??ng H? và tên</td>
<td></td>
<td>1</td>
<td>Selenium.themthanhvien@5677323c</td></tr>
<tr>
<td title='Selenium.themthanhvien.Add_Staff_50()'><b>Add_Staff_50</b><br>Test class: Selenium.themthanhvien<br>Test method: Nh?p vào tr??ng H? và tên ký t? in hoa</td>
<td></td>
<td>1</td>
<td>Selenium.themthanhvien@5677323c</td></tr>
<tr>
<td title='Selenium.themthanhvien.Add_Staff_51()'><b>Add_Staff_51</b><br>Test class: Selenium.themthanhvien<br>Test method: Nh?p vào tr??ng H? và tên ký t? in th??ng </td>
<td></td>
<td>1</td>
<td>Selenium.themthanhvien@5677323c</td></tr>
<tr>
<td title='Selenium.themthanhvien.Add_Staff_52()'><b>Add_Staff_52</b><br>Test class: Selenium.themthanhvien<br>Test method: Nh?p vào tr??ng H? và tên ký t? ??c bi?t</td>
<td></td>
<td>1</td>
<td>Selenium.themthanhvien@5677323c</td></tr>
<tr>
<td title='Selenium.themthanhvien.Add_Staff_53()'><b>Add_Staff_53</b><br>Test class: Selenium.themthanhvien<br>Test method: Nh?p vào tr??ng H? và tên s? và ch? </td>
<td></td>
<td>2</td>
<td>Selenium.themthanhvien@5677323c</td></tr>
<tr>
<td title='Selenium.themthanhvien.Add_Staff_54()'><b>Add_Staff_54</b><br>Test class: Selenium.themthanhvien<br>Test method: Nh?p vào tr??ng H? và tên s?, ch?, ký t? ??c bi?t </td>
<td></td>
<td>2</td>
<td>Selenium.themthanhvien@5677323c</td></tr>
<tr>
<td title='Selenium.themthanhvien.Add_Staff_55()'><b>Add_Staff_55</b><br>Test class: Selenium.themthanhvien<br>Test method: Nh?p vào tr??ng H? và tên bao g?m ch? in hoa, in th??ng, s?, ký t? ??c bi?t</td>
<td></td>
<td>2</td>
<td>Selenium.themthanhvien@5677323c</td></tr>
<tr>
<td title='Selenium.themthanhvien.Add_Staff_56()'><b>Add_Staff_56</b><br>Test class: Selenium.themthanhvien<br>Test method: Nh?p vào tr??ng H? và tên bao g?m ch? in hoa, in th??ng, s?, ký t? ??c bi?t, kho?ng tr?ng </td>
<td></td>
<td>2</td>
<td>Selenium.themthanhvien@5677323c</td></tr>
<tr>
<td title='Selenium.themthanhvien.Add_Staff_57()'><b>Add_Staff_57</b><br>Test class: Selenium.themthanhvien<br>Test method: Nh?p vào tr??ng H? và tên v?i kí t? _</td>
<td></td>
<td>2</td>
<td>Selenium.themthanhvien@5677323c</td></tr>
</table><p>
</body>
</html>